<?xml version="1.0" encoding="UTF-8" ?>
<testsuite tests="16" failures="1" name="TestSuite" time="35.92" errors="0" skipped="15">
  <properties>
[...]
</properties>
  <testcase classname="com.qa.verizon.tests.CartPageTest" name="setUp" time="8.978">
    <failure message="stale element reference: element is not attached to the page document
  (Session info: chrome=84.0.4147.89)
For documentation on this error, please visit: https://www.seleniumhq.org/exceptions/stale_element_reference.html
Build info: version: &apos;3.141.59&apos;, revision: &apos;e82be7d358&apos;, time: &apos;2018-11-14T08:17:03&apos;
System info: host: &apos;Halimes-MacBook-Air.local&apos;, ip: &apos;2600:8805:e001:8f00:5cad:8bea:36e3:ad69%en0&apos;, os.name: &apos;Mac OS X&apos;, os.arch: &apos;x86_64&apos;, os.version: &apos;10.15.5&apos;, java.version: &apos;1.8.0_241&apos;
Driver info: org.openqa.selenium.chrome.ChromeDriver
Capabilities {acceptInsecureCerts: false, browserName: chrome, browserVersion: 84.0.4147.89, chrome: {chromedriverVersion: 84.0.4147.30 (48b3e868b4cc0..., userDataDir: /var/folders/sp/1dx873y144q...}, goog:chromeOptions: {debuggerAddress: localhost:50844}, javascriptEnabled: true, networkConnectionEnabled: false, pageLoadStrategy: normal, platform: MAC, platformName: MAC, proxy: Proxy(), setWindowRect: true, strictFileInteractability: false, timeouts: {implicit: 0, pageLoad: 300000, script: 30000}, unhandledPromptBehavior: dismiss and notify, webauthn:virtualAuthenticators: true}
Session ID: bbd5ed655552220fefd4c73c9359396f" type="org.openqa.selenium.StaleElementReferenceException">org.openqa.selenium.StaleElementReferenceException: stale element reference: element is not attached to the page document
  (Session info: chrome=84.0.4147.89)
For documentation on this error, please visit: https://www.seleniumhq.org/exceptions/stale_element_reference.html
Build info: version: &apos;3.141.59&apos;, revision: &apos;e82be7d358&apos;, time: &apos;2018-11-14T08:17:03&apos;
System info: host: &apos;Halimes-MacBook-Air.local&apos;, ip: &apos;2600:8805:e001:8f00:5cad:8bea:36e3:ad69%en0&apos;, os.name: &apos;Mac OS X&apos;, os.arch: &apos;x86_64&apos;, os.version: &apos;10.15.5&apos;, java.version: &apos;1.8.0_241&apos;
Driver info: org.openqa.selenium.chrome.ChromeDriver
Capabilities {acceptInsecureCerts: false, browserName: chrome, browserVersion: 84.0.4147.89, chrome: {chromedriverVersion: 84.0.4147.30 (48b3e868b4cc0..., userDataDir: /var/folders/sp/1dx873y144q...}, goog:chromeOptions: {debuggerAddress: localhost:50844}, javascriptEnabled: true, networkConnectionEnabled: false, pageLoadStrategy: normal, platform: MAC, platformName: MAC, proxy: Proxy(), setWindowRect: true, strictFileInteractability: false, timeouts: {implicit: 0, pageLoad: 300000, script: 30000}, unhandledPromptBehavior: dismiss and notify, webauthn:virtualAuthenticators: true}
Session ID: bbd5ed655552220fefd4c73c9359396f
	at sun.reflect.NativeConstructorAccessorImpl.newInstance0(Native Method)
	at sun.reflect.NativeConstructorAccessorImpl.newInstance(NativeConstructorAccessorImpl.java:62)
	at sun.reflect.DelegatingConstructorAccessorImpl.newInstance(DelegatingConstructorAccessorImpl.java:45)
	at java.lang.reflect.Constructor.newInstance(Constructor.java:423)
	at org.openqa.selenium.remote.http.W3CHttpResponseCodec.createException(W3CHttpResponseCodec.java:187)
	at org.openqa.selenium.remote.http.W3CHttpResponseCodec.decode(W3CHttpResponseCodec.java:122)
	at org.openqa.selenium.remote.http.W3CHttpResponseCodec.decode(W3CHttpResponseCodec.java:49)
	at org.openqa.selenium.remote.HttpCommandExecutor.execute(HttpCommandExecutor.java:158)
	at org.openqa.selenium.remote.service.DriverCommandExecutor.execute(DriverCommandExecutor.java:83)
	at org.openqa.selenium.remote.RemoteWebDriver.execute(RemoteWebDriver.java:552)
	at org.openqa.selenium.remote.RemoteWebDriver.perform(RemoteWebDriver.java:618)
	at org.openqa.selenium.interactions.Actions$BuiltAction.perform(Actions.java:639)
	at com.qa.verizon.utilities.ElementUtil.moveToElement(ElementUtil.java:193)
	at com.qa.verizon.pages.VerizonMainPage.clickSmarthPhone(VerizonMainPage.java:32)
	at com.qa.verizon.tests.CartPageTest.setUp(CartPageTest.java:36)
</failure>
    <system-out>Configuring TestNG with: org.apache.maven.surefire.testng.conf.TestNG652Configurator@3ac42916
Browser name is: chrome
</system-out>
    <system-err>SLF4J: Failed to load class &quot;org.slf4j.impl.StaticLoggerBinder&quot;.
SLF4J: Defaulting to no-operation (NOP) logger implementation
SLF4J: See http://www.slf4j.org/codes.html#StaticLoggerBinder for further details.
Starting ChromeDriver 84.0.4147.30 (48b3e868b4cc0aa7e8149519690b6f6949e110a8-refs/branch-heads/4147@{#310}) on port 33190
Only local connections are allowed.
Please see https://chromedriver.chromium.org/security-considerations for suggestions on keeping ChromeDriver safe.
ChromeDriver was started successfully.
Jul 20, 2020 4:15:42 PM org.openqa.selenium.remote.ProtocolHandshake createSession
INFO: Detected dialect: W3C
</system-err>
  </testcase>
  <testcase classname="com.qa.verizon.tests.FeaturesPageTest" name="setUp" time="8.979">
    <skipped/>
  </testcase>
  <testcase classname="com.qa.verizon.tests.SmartPhonePageTest" name="setUp" time="8.979">
    <skipped/>
  </testcase>
  <testcase classname="com.qa.verizon.tests.VerizonMainPageTest" name="setUp" time="8.979">
    <skipped/>
  </testcase>
  <testcase classname="com.qa.verizon.tests.CartPageTest" name="verifyCartPageTitle" time="0.001">
    <skipped/>
  </testcase>
  <testcase classname="com.qa.verizon.tests.CartPageTest" name="verifyCorrectPhone" time="0">
    <skipped/>
  </testcase>
  <testcase classname="com.qa.verizon.tests.SmartPhonePageTest" name="verifySmartPhonePageTitle" time="0">
    <skipped/>
  </testcase>
  <testcase classname="com.qa.verizon.tests.SmartPhonePageTest" name="SelectSmartPhone" time="0">
    <skipped/>
  </testcase>
  <testcase classname="com.qa.verizon.tests.FeaturesPageTest" name="verifyFeaturesPageTitle" time="0">
    <skipped/>
  </testcase>
  <testcase classname="com.qa.verizon.tests.FeaturesPageTest" name="selectPhoneFeatures" time="0">
    <skipped/>
  </testcase>
  <testcase classname="com.qa.verizon.tests.VerizonMainPageTest" name="verifyVerizonHomePageTitleTest" time="0">
    <skipped/>
  </testcase>
  <testcase classname="com.qa.verizon.tests.VerizonMainPageTest" name="clickSmartPhoneTest" time="0">
    <skipped/>
  </testcase>
  <testcase classname="com.qa.verizon.tests.CartPageTest" name="tearDown" time="0.001">
    <skipped/>
  </testcase>
  <testcase classname="com.qa.verizon.tests.FeaturesPageTest" name="tearDown" time="0.001">
    <skipped/>
  </testcase>
  <testcase classname="com.qa.verizon.tests.SmartPhonePageTest" name="tearDown" time="0.001">
    <skipped/>
  </testcase>
  <testcase classname="com.qa.verizon.tests.VerizonMainPageTest" name="tearDown" time="0.001">
    <skipped/>
  </testcase>
</testsuite>